c:\users\marus\documents\visual studio 2017\projects\spaceinvaders\spaceinvaders\debug\vc141.pdb
c:\users\marus\documents\visual studio 2017\projects\spaceinvaders\spaceinvaders\debug\vc141.idb
c:\users\marus\documents\visual studio 2017\projects\spaceinvaders\spaceinvaders\debug\vaisseau.obj
c:\users\marus\documents\visual studio 2017\projects\spaceinvaders\spaceinvaders\debug\uikit.obj
c:\users\marus\documents\visual studio 2017\projects\spaceinvaders\spaceinvaders\debug\statistic.obj
c:\users\marus\documents\visual studio 2017\projects\spaceinvaders\spaceinvaders\debug\spacemain.obj
c:\users\marus\documents\visual studio 2017\projects\spaceinvaders\spaceinvaders\debug\plutonien.obj
c:\users\marus\documents\visual studio 2017\projects\spaceinvaders\spaceinvaders\debug\player.obj
c:\users\marus\documents\visual studio 2017\projects\spaceinvaders\spaceinvaders\debug\partie.obj
c:\users\marus\documents\visual studio 2017\projects\spaceinvaders\spaceinvaders\debug\menu.obj
c:\users\marus\documents\visual studio 2017\projects\spaceinvaders\spaceinvaders\debug\martien.obj
c:\users\marus\documents\visual studio 2017\projects\spaceinvaders\spaceinvaders\debug\laserniv1.obj
c:\users\marus\documents\visual studio 2017\projects\spaceinvaders\spaceinvaders\debug\laserennemie.obj
c:\users\marus\documents\visual studio 2017\projects\spaceinvaders\spaceinvaders\debug\laser.obj
c:\users\marus\documents\visual studio 2017\projects\spaceinvaders\spaceinvaders\debug\item.obj
c:\users\marus\documents\visual studio 2017\projects\spaceinvaders\spaceinvaders\debug\gomenu.obj
c:\users\marus\documents\visual studio 2017\projects\spaceinvaders\spaceinvaders\debug\extraterrestre.obj
c:\users\marus\documents\visual studio 2017\projects\spaceinvaders\spaceinvaders\debug\coord.obj
c:\users\marus\documents\visual studio 2017\projects\spaceinvaders\spaceinvaders\debug\config.obj
c:\users\marus\documents\visual studio 2017\projects\spaceinvaders\spaceinvaders\debug\collision.obj
c:\users\marus\documents\visual studio 2017\projects\spaceinvaders\spaceinvaders\debug\score.obj
c:\users\marus\documents\visual studio 2017\projects\spaceinvaders\debug\spaceinvaders.exe
c:\users\marus\documents\visual studio 2017\projects\spaceinvaders\debug\spaceinvaders.ilk
c:\users\marus\documents\visual studio 2017\projects\spaceinvaders\debug\spaceinvaders.pdb
c:\users\marus\documents\visual studio 2017\projects\spaceinvaders\spaceinvaders\debug\spaceinvaders.tlog\cl.command.1.tlog
c:\users\marus\documents\visual studio 2017\projects\spaceinvaders\spaceinvaders\debug\spaceinvaders.tlog\cl.read.1.tlog
c:\users\marus\documents\visual studio 2017\projects\spaceinvaders\spaceinvaders\debug\spaceinvaders.tlog\cl.write.1.tlog
c:\users\marus\documents\visual studio 2017\projects\spaceinvaders\spaceinvaders\debug\spaceinvaders.tlog\link.4892.read.1.tlog
c:\users\marus\documents\visual studio 2017\projects\spaceinvaders\spaceinvaders\debug\spaceinvaders.tlog\link.4892.write.1.tlog
c:\users\marus\documents\visual studio 2017\projects\spaceinvaders\spaceinvaders\debug\spaceinvaders.tlog\link.command.1.tlog
c:\users\marus\documents\visual studio 2017\projects\spaceinvaders\spaceinvaders\debug\spaceinvaders.tlog\link.read.1.tlog
c:\users\marus\documents\visual studio 2017\projects\spaceinvaders\spaceinvaders\debug\spaceinvaders.tlog\link.write.1.tlog
